2025-03-26 06:42:04,684 - INFO - Started server process [2170]
2025-03-26 06:42:04,686 - INFO - Waiting for application startup.
2025-03-26 06:42:04,687 - INFO - Application startup complete.
2025-03-26 06:42:39,737 - INFO - Shutting down
2025-03-26 06:42:39,838 - INFO - Waiting for application shutdown.
2025-03-26 06:42:39,839 - INFO - Application shutdown complete.
2025-03-26 06:42:39,840 - INFO - Finished server process [2170]
2025-03-26 06:43:20,772 - INFO - Started server process [2189]
2025-03-26 06:43:20,773 - INFO - Waiting for application startup.
2025-03-26 06:43:20,774 - INFO - Application startup complete.
2025-03-26 06:45:22,968 - INFO - Shutting down
2025-03-26 06:45:23,070 - INFO - Waiting for application shutdown.
2025-03-26 06:45:23,070 - INFO - Application shutdown complete.
2025-03-26 06:45:23,071 - INFO - Finished server process [2189]
2025-03-26 06:45:24,382 - INFO - Started server process [2284]
2025-03-26 06:45:24,382 - INFO - Waiting for application startup.
2025-03-26 06:45:24,384 - INFO - Application startup complete.
2025-03-26 06:55:13,700 - INFO - Shutting down
2025-03-26 06:55:13,801 - INFO - Waiting for application shutdown.
2025-03-26 06:55:13,802 - INFO - Application shutdown complete.
2025-03-26 06:55:13,802 - INFO - Finished server process [2284]
2025-03-26 06:55:15,350 - INFO - ✅ VertechX system initialized.
2025-03-26 06:55:15,388 - INFO - Started server process [2574]
2025-03-26 06:55:15,389 - INFO - Waiting for application startup.
2025-03-26 06:55:15,391 - INFO - Application startup complete.
2025-04-03 17:42:26,206 - INFO - Shutting down
2025-04-03 17:42:26,307 - INFO - Waiting for application shutdown.
2025-04-03 17:42:26,308 - INFO - Application shutdown complete.
2025-04-03 17:42:26,309 - INFO - Finished server process [2574]
2025-04-03 17:42:27,935 - INFO - ✅ VertechX system initialized.
2025-04-03 17:42:27,968 - INFO - Started server process [3661]
2025-04-03 17:42:27,969 - INFO - Waiting for application startup.
2025-04-03 17:42:27,972 - INFO - Application startup complete.
2025-04-03 17:42:57,126 - INFO - Shutting down
2025-04-03 17:42:57,228 - INFO - Waiting for application shutdown.
2025-04-03 17:42:57,229 - INFO - Application shutdown complete.
2025-04-03 17:42:57,229 - INFO - Finished server process [3661]
2025-04-03 17:42:58,793 - INFO - Started server process [3703]
2025-04-03 17:42:58,794 - INFO - Waiting for application startup.
2025-04-03 17:42:58,795 - INFO - Application startup complete.
2025-04-03 17:44:24,119 - INFO - Shutting down
2025-04-03 17:44:24,220 - INFO - Waiting for application shutdown.
2025-04-03 17:44:24,220 - INFO - Application shutdown complete.
2025-04-03 17:44:24,221 - INFO - Finished server process [3703]
